2020-06-14 15:08:44,991:INFO: Loading the datasets...
2020-06-14 15:10:37,918:INFO: Loading the datasets...
2020-06-14 15:10:37,922:INFO: - done.
2020-06-14 15:10:40,595:INFO: Starting training for 10 epoch(s)
2020-06-14 15:10:40,595:INFO: Epoch 1/10
2020-06-14 15:10:41,056:INFO: - Train metrics: accuracy: 0.125 ; loss: 2.092
2020-06-14 15:10:41,231:INFO: - Eval metrics : accuracy: 0.112 ; loss: 2.071
2020-06-14 15:10:41,598:INFO: - Found new best accuracy
2020-06-14 15:10:41,607:INFO: Epoch 2/10
2020-06-14 15:10:42,022:INFO: - Train metrics: accuracy: 0.219 ; loss: 1.741
2020-06-14 15:10:42,165:INFO: - Eval metrics : accuracy: 0.279 ; loss: 1.819
2020-06-14 15:10:42,568:INFO: - Found new best accuracy
2020-06-14 15:10:42,575:INFO: Epoch 3/10
2020-06-14 15:10:42,998:INFO: - Train metrics: accuracy: 0.312 ; loss: 1.808
2020-06-14 15:10:43,144:INFO: - Eval metrics : accuracy: 0.346 ; loss: 1.650
2020-06-14 15:10:43,550:INFO: - Found new best accuracy
2020-06-14 15:10:43,558:INFO: Epoch 4/10
2020-06-14 15:10:43,974:INFO: - Train metrics: accuracy: 0.250 ; loss: 1.903
2020-06-14 15:10:44,126:INFO: - Eval metrics : accuracy: 0.354 ; loss: 1.613
2020-06-14 15:10:44,529:INFO: - Found new best accuracy
2020-06-14 15:10:44,535:INFO: Epoch 5/10
2020-06-14 15:10:44,952:INFO: - Train metrics: accuracy: 0.344 ; loss: 1.752
2020-06-14 15:10:45,108:INFO: - Eval metrics : accuracy: 0.363 ; loss: 1.597
2020-06-14 15:10:45,507:INFO: - Found new best accuracy
2020-06-14 15:10:45,565:INFO: Epoch 6/10
2020-06-14 15:10:45,977:INFO: - Train metrics: accuracy: 0.250 ; loss: 1.663
2020-06-14 15:10:46,122:INFO: - Eval metrics : accuracy: 0.377 ; loss: 1.587
2020-06-14 15:10:46,531:INFO: - Found new best accuracy
2020-06-14 15:10:46,541:INFO: Epoch 7/10
2020-06-14 15:10:46,967:INFO: - Train metrics: accuracy: 0.594 ; loss: 1.398
2020-06-14 15:10:47,114:INFO: - Eval metrics : accuracy: 0.381 ; loss: 1.562
2020-06-14 15:10:47,490:INFO: - Found new best accuracy
2020-06-14 15:10:47,497:INFO: Epoch 8/10
2020-06-14 15:10:47,904:INFO: - Train metrics: accuracy: 0.344 ; loss: 1.567
2020-06-14 15:10:48,051:INFO: - Eval metrics : accuracy: 0.399 ; loss: 1.555
2020-06-14 15:10:48,457:INFO: - Found new best accuracy
2020-06-14 15:10:48,464:INFO: Epoch 9/10
2020-06-14 15:10:48,873:INFO: - Train metrics: accuracy: 0.656 ; loss: 1.279
2020-06-14 15:10:49,016:INFO: - Eval metrics : accuracy: 0.417 ; loss: 1.517
2020-06-14 15:10:49,376:INFO: - Found new best accuracy
2020-06-14 15:10:49,383:INFO: Epoch 10/10
2020-06-14 15:10:49,792:INFO: - Train metrics: accuracy: 0.594 ; loss: 1.279
2020-06-14 15:10:49,945:INFO: - Eval metrics : accuracy: 0.430 ; loss: 1.505
2020-06-14 15:10:50,340:INFO: - Found new best accuracy
2020-06-14 15:16:54,856:INFO: Loading the datasets...
2020-06-14 15:16:54,861:INFO: - done.
2020-06-14 15:16:57,537:INFO: Starting training for 100 epoch(s)
2020-06-14 15:16:57,537:INFO: Epoch 1/100
2020-06-14 15:16:58,001:INFO: - Train metrics: accuracy: 0.125 ; loss: 2.092
2020-06-14 15:16:58,181:INFO: - Eval metrics : accuracy: 0.112 ; loss: 2.070
2020-06-14 15:16:58,551:INFO: - Found new best accuracy
2020-06-14 15:16:58,559:INFO: Epoch 2/100
2020-06-14 15:16:58,981:INFO: - Train metrics: accuracy: 0.219 ; loss: 1.742
2020-06-14 15:16:59,136:INFO: - Eval metrics : accuracy: 0.279 ; loss: 1.821
2020-06-14 15:16:59,491:INFO: - Found new best accuracy
2020-06-14 15:16:59,501:INFO: Epoch 3/100
2020-06-14 15:16:59,919:INFO: - Train metrics: accuracy: 0.281 ; loss: 1.800
2020-06-14 15:17:00,069:INFO: - Eval metrics : accuracy: 0.341 ; loss: 1.649
2020-06-14 15:17:00,430:INFO: - Found new best accuracy
2020-06-14 15:17:00,444:INFO: Epoch 4/100
2020-06-14 15:17:00,865:INFO: - Train metrics: accuracy: 0.250 ; loss: 1.926
2020-06-14 15:17:01,031:INFO: - Eval metrics : accuracy: 0.346 ; loss: 1.610
2020-06-14 15:17:01,394:INFO: - Found new best accuracy
2020-06-14 15:17:01,400:INFO: Epoch 5/100
2020-06-14 15:17:01,805:INFO: - Train metrics: accuracy: 0.312 ; loss: 1.751
2020-06-14 15:17:01,953:INFO: - Eval metrics : accuracy: 0.377 ; loss: 1.599
2020-06-14 15:17:02,299:INFO: - Found new best accuracy
2020-06-14 15:17:02,315:INFO: Epoch 6/100
2020-06-14 15:17:02,730:INFO: - Train metrics: accuracy: 0.281 ; loss: 1.651
2020-06-14 15:17:02,884:INFO: - Eval metrics : accuracy: 0.381 ; loss: 1.588
2020-06-14 15:17:03,233:INFO: - Found new best accuracy
2020-06-14 15:17:03,242:INFO: Epoch 7/100
2020-06-14 15:17:03,660:INFO: - Train metrics: accuracy: 0.562 ; loss: 1.433
2020-06-14 15:17:03,819:INFO: - Eval metrics : accuracy: 0.386 ; loss: 1.565
2020-06-14 15:17:04,204:INFO: - Found new best accuracy
2020-06-14 15:17:04,209:INFO: Epoch 8/100
2020-06-14 15:17:04,632:INFO: - Train metrics: accuracy: 0.438 ; loss: 1.537
2020-06-14 15:17:04,780:INFO: - Eval metrics : accuracy: 0.390 ; loss: 1.566
2020-06-14 15:17:05,123:INFO: - Found new best accuracy
2020-06-14 15:17:05,131:INFO: Epoch 9/100
2020-06-14 15:17:05,547:INFO: - Train metrics: accuracy: 0.531 ; loss: 1.351
2020-06-14 15:17:05,704:INFO: - Eval metrics : accuracy: 0.404 ; loss: 1.519
2020-06-14 15:17:06,057:INFO: - Found new best accuracy
2020-06-14 15:17:06,062:INFO: Epoch 10/100
2020-06-14 15:17:06,477:INFO: - Train metrics: accuracy: 0.625 ; loss: 1.245
2020-06-14 15:17:06,630:INFO: - Eval metrics : accuracy: 0.408 ; loss: 1.507
2020-06-14 15:17:06,989:INFO: - Found new best accuracy
2020-06-14 15:17:06,996:INFO: Epoch 11/100
2020-06-14 15:17:07,416:INFO: - Train metrics: accuracy: 0.656 ; loss: 1.047
2020-06-14 15:17:07,571:INFO: - Eval metrics : accuracy: 0.399 ; loss: 1.519
2020-06-14 15:17:07,903:INFO: Epoch 12/100
2020-06-14 15:17:08,322:INFO: - Train metrics: accuracy: 0.562 ; loss: 1.385
2020-06-14 15:17:08,478:INFO: - Eval metrics : accuracy: 0.408 ; loss: 1.512
2020-06-14 15:17:08,826:INFO: - Found new best accuracy
2020-06-14 15:17:08,833:INFO: Epoch 13/100
2020-06-14 15:17:09,252:INFO: - Train metrics: accuracy: 0.531 ; loss: 1.290
2020-06-14 15:17:09,401:INFO: - Eval metrics : accuracy: 0.413 ; loss: 1.485
2020-06-14 15:17:09,746:INFO: - Found new best accuracy
2020-06-14 15:17:09,753:INFO: Epoch 14/100
2020-06-14 15:17:10,179:INFO: - Train metrics: accuracy: 0.625 ; loss: 1.140
2020-06-14 15:17:10,345:INFO: - Eval metrics : accuracy: 0.404 ; loss: 1.489
2020-06-14 15:17:10,533:INFO: Epoch 15/100
2020-06-14 15:17:10,950:INFO: - Train metrics: accuracy: 0.625 ; loss: 1.020
2020-06-14 15:17:11,109:INFO: - Eval metrics : accuracy: 0.413 ; loss: 1.511
2020-06-14 15:17:11,490:INFO: - Found new best accuracy
2020-06-14 15:17:11,499:INFO: Epoch 16/100
2020-06-14 15:17:11,909:INFO: - Train metrics: accuracy: 0.625 ; loss: 1.072
2020-06-14 15:17:12,067:INFO: - Eval metrics : accuracy: 0.421 ; loss: 1.486
2020-06-14 15:17:12,430:INFO: - Found new best accuracy
2020-06-14 15:17:12,441:INFO: Epoch 17/100
2020-06-14 15:17:12,860:INFO: - Train metrics: accuracy: 0.625 ; loss: 1.090
2020-06-14 15:17:13,021:INFO: - Eval metrics : accuracy: 0.421 ; loss: 1.498
2020-06-14 15:17:13,396:INFO: - Found new best accuracy
2020-06-14 15:17:13,403:INFO: Epoch 18/100
2020-06-14 15:17:13,823:INFO: - Train metrics: accuracy: 0.531 ; loss: 1.130
2020-06-14 15:17:13,973:INFO: - Eval metrics : accuracy: 0.423 ; loss: 1.470
2020-06-14 15:17:14,324:INFO: - Found new best accuracy
2020-06-14 15:17:14,331:INFO: Epoch 19/100
2020-06-14 15:17:14,751:INFO: - Train metrics: accuracy: 0.656 ; loss: 1.142
2020-06-14 15:17:14,899:INFO: - Eval metrics : accuracy: 0.468 ; loss: 1.455
2020-06-14 15:17:15,254:INFO: - Found new best accuracy
2020-06-14 15:17:15,263:INFO: Epoch 20/100
2020-06-14 15:17:15,694:INFO: - Train metrics: accuracy: 0.656 ; loss: 0.935
2020-06-14 15:17:15,853:INFO: - Eval metrics : accuracy: 0.441 ; loss: 1.427
2020-06-14 15:17:16,044:INFO: Epoch 21/100
2020-06-14 15:17:16,469:INFO: - Train metrics: accuracy: 0.625 ; loss: 0.972
2020-06-14 15:17:16,621:INFO: - Eval metrics : accuracy: 0.423 ; loss: 1.439
2020-06-14 15:17:16,806:INFO: Epoch 22/100
2020-06-14 15:17:17,221:INFO: - Train metrics: accuracy: 0.750 ; loss: 0.874
2020-06-14 15:17:17,377:INFO: - Eval metrics : accuracy: 0.441 ; loss: 1.469
2020-06-14 15:17:17,565:INFO: Epoch 23/100
2020-06-14 15:17:18,000:INFO: - Train metrics: accuracy: 0.906 ; loss: 0.677
2020-06-14 15:17:18,152:INFO: - Eval metrics : accuracy: 0.459 ; loss: 1.444
2020-06-14 15:17:18,343:INFO: Epoch 24/100
2020-06-14 15:17:18,756:INFO: - Train metrics: accuracy: 0.750 ; loss: 0.982
2020-06-14 15:17:18,905:INFO: - Eval metrics : accuracy: 0.410 ; loss: 1.434
2020-06-14 15:17:19,077:INFO: Epoch 25/100
2020-06-14 15:17:19,492:INFO: - Train metrics: accuracy: 0.688 ; loss: 0.893
2020-06-14 15:17:19,652:INFO: - Eval metrics : accuracy: 0.446 ; loss: 1.438
2020-06-14 15:17:19,826:INFO: Epoch 26/100
2020-06-14 15:17:20,248:INFO: - Train metrics: accuracy: 0.781 ; loss: 0.764
2020-06-14 15:17:20,397:INFO: - Eval metrics : accuracy: 0.468 ; loss: 1.453
2020-06-14 15:17:20,739:INFO: - Found new best accuracy
2020-06-14 15:17:20,745:INFO: Epoch 27/100
2020-06-14 15:17:21,163:INFO: - Train metrics: accuracy: 0.531 ; loss: 1.060
2020-06-14 15:17:21,316:INFO: - Eval metrics : accuracy: 0.459 ; loss: 1.444
2020-06-14 15:17:21,522:INFO: Epoch 28/100
2020-06-14 15:17:21,936:INFO: - Train metrics: accuracy: 0.781 ; loss: 0.848
2020-06-14 15:17:22,089:INFO: - Eval metrics : accuracy: 0.459 ; loss: 1.441
2020-06-14 15:17:22,405:INFO: Epoch 29/100
2020-06-14 15:17:22,820:INFO: - Train metrics: accuracy: 0.688 ; loss: 0.899
2020-06-14 15:17:22,975:INFO: - Eval metrics : accuracy: 0.423 ; loss: 1.428
2020-06-14 15:17:23,156:INFO: Epoch 30/100
2020-06-14 15:17:23,576:INFO: - Train metrics: accuracy: 0.719 ; loss: 0.847
2020-06-14 15:17:23,726:INFO: - Eval metrics : accuracy: 0.437 ; loss: 1.424
2020-06-14 15:17:23,904:INFO: Epoch 31/100
2020-06-14 15:17:24,320:INFO: - Train metrics: accuracy: 0.656 ; loss: 0.807
2020-06-14 15:17:24,476:INFO: - Eval metrics : accuracy: 0.432 ; loss: 1.447
2020-06-14 15:17:24,679:INFO: Epoch 32/100
2020-06-14 15:17:25,107:INFO: - Train metrics: accuracy: 0.781 ; loss: 0.793
2020-06-14 15:17:25,264:INFO: - Eval metrics : accuracy: 0.441 ; loss: 1.458
2020-06-14 15:17:25,446:INFO: Epoch 33/100
2020-06-14 15:17:25,865:INFO: - Train metrics: accuracy: 0.656 ; loss: 1.035
2020-06-14 15:17:26,024:INFO: - Eval metrics : accuracy: 0.421 ; loss: 1.443
2020-06-14 15:17:26,199:INFO: Epoch 34/100
2020-06-14 15:17:26,615:INFO: - Train metrics: accuracy: 0.844 ; loss: 0.681
2020-06-14 15:17:26,769:INFO: - Eval metrics : accuracy: 0.432 ; loss: 1.459
2020-06-14 15:17:27,008:INFO: Epoch 35/100
2020-06-14 15:17:27,429:INFO: - Train metrics: accuracy: 0.844 ; loss: 0.749
2020-06-14 15:17:27,588:INFO: - Eval metrics : accuracy: 0.419 ; loss: 1.404
2020-06-14 15:17:27,906:INFO: Epoch 36/100
2020-06-14 15:17:28,329:INFO: - Train metrics: accuracy: 0.719 ; loss: 0.872
2020-06-14 15:17:28,484:INFO: - Eval metrics : accuracy: 0.446 ; loss: 1.427
2020-06-14 15:17:28,670:INFO: Epoch 37/100
2020-06-14 15:17:29,094:INFO: - Train metrics: accuracy: 0.875 ; loss: 0.532
2020-06-14 15:17:29,251:INFO: - Eval metrics : accuracy: 0.441 ; loss: 1.448
2020-06-14 15:17:29,442:INFO: Epoch 38/100
2020-06-14 15:17:29,861:INFO: - Train metrics: accuracy: 0.844 ; loss: 0.680
2020-06-14 15:17:30,019:INFO: - Eval metrics : accuracy: 0.414 ; loss: 1.471
2020-06-14 15:17:30,227:INFO: Epoch 39/100
2020-06-14 15:17:30,645:INFO: - Train metrics: accuracy: 0.750 ; loss: 0.630
2020-06-14 15:17:30,792:INFO: - Eval metrics : accuracy: 0.419 ; loss: 1.455
2020-06-14 15:17:30,984:INFO: Epoch 40/100
2020-06-14 15:17:31,405:INFO: - Train metrics: accuracy: 0.844 ; loss: 0.589
2020-06-14 15:17:31,558:INFO: - Eval metrics : accuracy: 0.437 ; loss: 1.459
2020-06-14 15:17:31,758:INFO: Epoch 41/100
2020-06-14 15:17:32,185:INFO: - Train metrics: accuracy: 0.875 ; loss: 0.539
2020-06-14 15:17:32,334:INFO: - Eval metrics : accuracy: 0.437 ; loss: 1.437
2020-06-14 15:17:32,531:INFO: Epoch 42/100
2020-06-14 15:17:32,946:INFO: - Train metrics: accuracy: 0.719 ; loss: 0.920
2020-06-14 15:17:33,093:INFO: - Eval metrics : accuracy: 0.432 ; loss: 1.429
2020-06-14 15:17:33,269:INFO: Epoch 43/100
2020-06-14 15:17:33,695:INFO: - Train metrics: accuracy: 0.750 ; loss: 0.714
2020-06-14 15:17:33,853:INFO: - Eval metrics : accuracy: 0.446 ; loss: 1.461
2020-06-14 15:17:34,063:INFO: Epoch 44/100
2020-06-14 15:17:34,491:INFO: - Train metrics: accuracy: 0.812 ; loss: 0.558
2020-06-14 15:17:34,645:INFO: - Eval metrics : accuracy: 0.428 ; loss: 1.474
2020-06-14 15:17:34,821:INFO: Epoch 45/100
2020-06-14 15:17:35,253:INFO: - Train metrics: accuracy: 0.812 ; loss: 0.596
2020-06-14 15:17:35,405:INFO: - Eval metrics : accuracy: 0.441 ; loss: 1.484
2020-06-14 15:17:35,584:INFO: Epoch 46/100
2020-06-14 15:17:35,997:INFO: - Train metrics: accuracy: 0.781 ; loss: 0.684
2020-06-14 15:17:36,151:INFO: - Eval metrics : accuracy: 0.421 ; loss: 1.518
2020-06-14 15:17:36,346:INFO: Epoch 47/100
2020-06-14 15:17:36,756:INFO: - Train metrics: accuracy: 0.906 ; loss: 0.490
2020-06-14 15:17:36,907:INFO: - Eval metrics : accuracy: 0.399 ; loss: 1.534
2020-06-14 15:17:37,084:INFO: Epoch 48/100
2020-06-14 15:17:37,500:INFO: - Train metrics: accuracy: 0.906 ; loss: 0.507
2020-06-14 15:17:37,652:INFO: - Eval metrics : accuracy: 0.421 ; loss: 1.454
2020-06-14 15:17:37,832:INFO: Epoch 49/100
2020-06-14 15:17:38,251:INFO: - Train metrics: accuracy: 0.812 ; loss: 0.625
2020-06-14 15:17:38,404:INFO: - Eval metrics : accuracy: 0.417 ; loss: 1.496
2020-06-14 15:17:38,589:INFO: Epoch 50/100
2020-06-14 15:17:38,999:INFO: - Train metrics: accuracy: 0.875 ; loss: 0.560
2020-06-14 15:17:39,155:INFO: - Eval metrics : accuracy: 0.417 ; loss: 1.490
2020-06-14 15:17:39,349:INFO: Epoch 51/100
2020-06-14 15:17:39,773:INFO: - Train metrics: accuracy: 0.781 ; loss: 0.601
2020-06-14 15:17:39,928:INFO: - Eval metrics : accuracy: 0.417 ; loss: 1.477
2020-06-14 15:17:40,130:INFO: Epoch 52/100
2020-06-14 15:17:40,547:INFO: - Train metrics: accuracy: 0.906 ; loss: 0.496
2020-06-14 15:17:40,698:INFO: - Eval metrics : accuracy: 0.404 ; loss: 1.457
2020-06-14 15:17:40,881:INFO: Epoch 53/100
2020-06-14 15:17:41,299:INFO: - Train metrics: accuracy: 0.844 ; loss: 0.540
2020-06-14 15:17:41,449:INFO: - Eval metrics : accuracy: 0.430 ; loss: 1.477
2020-06-14 15:17:41,651:INFO: Epoch 54/100
2020-06-14 15:17:42,070:INFO: - Train metrics: accuracy: 0.906 ; loss: 0.421
2020-06-14 15:17:42,221:INFO: - Eval metrics : accuracy: 0.450 ; loss: 1.518
2020-06-14 15:17:42,403:INFO: Epoch 55/100
2020-06-14 15:17:42,819:INFO: - Train metrics: accuracy: 0.875 ; loss: 0.505
2020-06-14 15:17:42,968:INFO: - Eval metrics : accuracy: 0.446 ; loss: 1.447
2020-06-14 15:17:43,178:INFO: Epoch 56/100
2020-06-14 15:17:43,594:INFO: - Train metrics: accuracy: 0.906 ; loss: 0.525
2020-06-14 15:17:43,753:INFO: - Eval metrics : accuracy: 0.419 ; loss: 1.477
2020-06-14 15:17:43,960:INFO: Epoch 57/100
2020-06-14 15:17:44,381:INFO: - Train metrics: accuracy: 0.938 ; loss: 0.382
2020-06-14 15:17:44,537:INFO: - Eval metrics : accuracy: 0.404 ; loss: 1.483
2020-06-14 15:17:44,722:INFO: Epoch 58/100
2020-06-14 15:17:45,147:INFO: - Train metrics: accuracy: 0.906 ; loss: 0.476
2020-06-14 15:17:45,311:INFO: - Eval metrics : accuracy: 0.450 ; loss: 1.477
2020-06-14 15:17:45,530:INFO: Epoch 59/100
2020-06-14 15:17:45,946:INFO: - Train metrics: accuracy: 0.969 ; loss: 0.449
2020-06-14 15:17:46,101:INFO: - Eval metrics : accuracy: 0.390 ; loss: 1.545
2020-06-14 15:17:46,280:INFO: Epoch 60/100
2020-06-14 15:17:46,699:INFO: - Train metrics: accuracy: 1.000 ; loss: 0.279
2020-06-14 15:17:46,850:INFO: - Eval metrics : accuracy: 0.390 ; loss: 1.551
2020-06-14 15:17:47,040:INFO: Epoch 61/100
2020-06-14 15:17:47,459:INFO: - Train metrics: accuracy: 0.906 ; loss: 0.430
2020-06-14 15:17:47,615:INFO: - Eval metrics : accuracy: 0.423 ; loss: 1.474
2020-06-14 15:17:47,794:INFO: Epoch 62/100
2020-06-14 15:17:48,228:INFO: - Train metrics: accuracy: 0.875 ; loss: 0.406
2020-06-14 15:17:48,390:INFO: - Eval metrics : accuracy: 0.404 ; loss: 1.521
2020-06-14 15:17:48,577:INFO: Epoch 63/100
2020-06-14 15:17:48,994:INFO: - Train metrics: accuracy: 0.844 ; loss: 0.459
2020-06-14 15:17:49,148:INFO: - Eval metrics : accuracy: 0.419 ; loss: 1.501
2020-06-14 15:17:49,329:INFO: Epoch 64/100
2020-06-14 15:17:49,744:INFO: - Train metrics: accuracy: 0.938 ; loss: 0.393
2020-06-14 15:17:49,901:INFO: - Eval metrics : accuracy: 0.386 ; loss: 1.477
2020-06-14 15:17:50,087:INFO: Epoch 65/100
2020-06-14 15:17:50,508:INFO: - Train metrics: accuracy: 0.938 ; loss: 0.437
2020-06-14 15:17:50,671:INFO: - Eval metrics : accuracy: 0.390 ; loss: 1.496
2020-06-14 15:17:50,866:INFO: Epoch 66/100
2020-06-14 15:17:51,284:INFO: - Train metrics: accuracy: 0.906 ; loss: 0.415
2020-06-14 15:17:51,433:INFO: - Eval metrics : accuracy: 0.421 ; loss: 1.500
2020-06-14 15:17:51,609:INFO: Epoch 67/100
2020-06-14 15:17:52,025:INFO: - Train metrics: accuracy: 0.875 ; loss: 0.561
2020-06-14 15:17:52,179:INFO: - Eval metrics : accuracy: 0.437 ; loss: 1.489
2020-06-14 15:17:52,363:INFO: Epoch 68/100
2020-06-14 15:17:52,777:INFO: - Train metrics: accuracy: 0.969 ; loss: 0.428
2020-06-14 15:17:52,929:INFO: - Eval metrics : accuracy: 0.404 ; loss: 1.509
2020-06-14 15:17:53,132:INFO: Epoch 69/100
2020-06-14 15:17:53,546:INFO: - Train metrics: accuracy: 0.906 ; loss: 0.448
2020-06-14 15:17:53,700:INFO: - Eval metrics : accuracy: 0.386 ; loss: 1.513
2020-06-14 15:17:53,927:INFO: Epoch 70/100
2020-06-14 15:17:54,357:INFO: - Train metrics: accuracy: 0.969 ; loss: 0.275
2020-06-14 15:17:54,518:INFO: - Eval metrics : accuracy: 0.454 ; loss: 1.494
2020-06-14 15:17:54,705:INFO: Epoch 71/100
2020-06-14 15:17:55,132:INFO: - Train metrics: accuracy: 0.969 ; loss: 0.308
2020-06-14 15:17:55,290:INFO: - Eval metrics : accuracy: 0.468 ; loss: 1.493
2020-06-14 15:17:55,651:INFO: - Found new best accuracy
2020-06-14 15:17:55,659:INFO: Epoch 72/100
2020-06-14 15:17:56,070:INFO: - Train metrics: accuracy: 0.875 ; loss: 0.412
2020-06-14 15:17:56,225:INFO: - Eval metrics : accuracy: 0.428 ; loss: 1.539
2020-06-14 15:17:56,401:INFO: Epoch 73/100
2020-06-14 15:17:56,820:INFO: - Train metrics: accuracy: 0.875 ; loss: 0.382
2020-06-14 15:17:56,974:INFO: - Eval metrics : accuracy: 0.419 ; loss: 1.533
2020-06-14 15:17:57,186:INFO: Epoch 74/100
2020-06-14 15:17:57,616:INFO: - Train metrics: accuracy: 0.969 ; loss: 0.304
2020-06-14 15:17:57,776:INFO: - Eval metrics : accuracy: 0.414 ; loss: 1.536
2020-06-14 15:17:57,973:INFO: Epoch 75/100
2020-06-14 15:17:58,387:INFO: - Train metrics: accuracy: 0.938 ; loss: 0.275
2020-06-14 15:17:58,540:INFO: - Eval metrics : accuracy: 0.437 ; loss: 1.509
2020-06-14 15:17:58,731:INFO: Epoch 76/100
2020-06-14 15:17:59,148:INFO: - Train metrics: accuracy: 0.906 ; loss: 0.378
2020-06-14 15:17:59,305:INFO: - Eval metrics : accuracy: 0.437 ; loss: 1.547
2020-06-14 15:17:59,507:INFO: Epoch 77/100
2020-06-14 15:17:59,928:INFO: - Train metrics: accuracy: 0.906 ; loss: 0.431
2020-06-14 15:18:00,084:INFO: - Eval metrics : accuracy: 0.386 ; loss: 1.542
2020-06-14 15:18:00,295:INFO: Epoch 78/100
2020-06-14 15:18:00,707:INFO: - Train metrics: accuracy: 0.969 ; loss: 0.345
2020-06-14 15:18:00,866:INFO: - Eval metrics : accuracy: 0.386 ; loss: 1.512
2020-06-14 15:18:01,059:INFO: Epoch 79/100
2020-06-14 15:18:01,479:INFO: - Train metrics: accuracy: 1.000 ; loss: 0.277
2020-06-14 15:18:01,629:INFO: - Eval metrics : accuracy: 0.386 ; loss: 1.503
2020-06-14 15:18:01,813:INFO: Epoch 80/100
2020-06-14 15:18:02,229:INFO: - Train metrics: accuracy: 0.875 ; loss: 0.424
2020-06-14 15:18:02,387:INFO: - Eval metrics : accuracy: 0.408 ; loss: 1.531
2020-06-14 15:18:02,578:INFO: Epoch 81/100
2020-06-14 15:18:02,994:INFO: - Train metrics: accuracy: 1.000 ; loss: 0.202
2020-06-14 15:18:03,151:INFO: - Eval metrics : accuracy: 0.372 ; loss: 1.551
2020-06-14 15:18:03,349:INFO: Epoch 82/100
2020-06-14 15:18:03,760:INFO: - Train metrics: accuracy: 0.938 ; loss: 0.321
2020-06-14 15:18:03,912:INFO: - Eval metrics : accuracy: 0.446 ; loss: 1.498
2020-06-14 15:18:04,137:INFO: Epoch 83/100
2020-06-14 15:18:04,562:INFO: - Train metrics: accuracy: 0.969 ; loss: 0.214
2020-06-14 15:18:04,715:INFO: - Eval metrics : accuracy: 0.395 ; loss: 1.608
2020-06-14 15:18:04,917:INFO: Epoch 84/100
2020-06-14 15:18:05,327:INFO: - Train metrics: accuracy: 0.938 ; loss: 0.245
2020-06-14 15:18:05,475:INFO: - Eval metrics : accuracy: 0.386 ; loss: 1.597
2020-06-14 15:18:05,689:INFO: Epoch 85/100
2020-06-14 15:18:06,103:INFO: - Train metrics: accuracy: 0.938 ; loss: 0.308
2020-06-14 15:18:06,262:INFO: - Eval metrics : accuracy: 0.354 ; loss: 1.570
2020-06-14 15:18:06,448:INFO: Epoch 86/100
2020-06-14 15:18:06,863:INFO: - Train metrics: accuracy: 1.000 ; loss: 0.181
2020-06-14 15:18:07,013:INFO: - Eval metrics : accuracy: 0.372 ; loss: 1.537
2020-06-14 15:18:07,220:INFO: Epoch 87/100
2020-06-14 15:18:07,633:INFO: - Train metrics: accuracy: 0.969 ; loss: 0.217
2020-06-14 15:18:07,792:INFO: - Eval metrics : accuracy: 0.377 ; loss: 1.580
2020-06-14 15:18:07,993:INFO: Epoch 88/100
2020-06-14 15:18:08,418:INFO: - Train metrics: accuracy: 1.000 ; loss: 0.208
2020-06-14 15:18:08,576:INFO: - Eval metrics : accuracy: 0.363 ; loss: 1.565
2020-06-14 15:18:08,773:INFO: Epoch 89/100
2020-06-14 15:18:09,193:INFO: - Train metrics: accuracy: 0.875 ; loss: 0.353
2020-06-14 15:18:09,339:INFO: - Eval metrics : accuracy: 0.399 ; loss: 1.572
2020-06-14 15:18:09,531:INFO: Epoch 90/100
2020-06-14 15:18:09,961:INFO: - Train metrics: accuracy: 0.969 ; loss: 0.269
2020-06-14 15:18:10,123:INFO: - Eval metrics : accuracy: 0.395 ; loss: 1.569
2020-06-14 15:18:10,367:INFO: Epoch 91/100
2020-06-14 15:18:10,780:INFO: - Train metrics: accuracy: 0.938 ; loss: 0.427
2020-06-14 15:18:10,930:INFO: - Eval metrics : accuracy: 0.413 ; loss: 1.625
2020-06-14 15:18:11,123:INFO: Epoch 92/100
2020-06-14 15:18:11,540:INFO: - Train metrics: accuracy: 0.938 ; loss: 0.381
2020-06-14 15:18:11,692:INFO: - Eval metrics : accuracy: 0.419 ; loss: 1.539
2020-06-14 15:18:11,882:INFO: Epoch 93/100
2020-06-14 15:18:12,291:INFO: - Train metrics: accuracy: 0.969 ; loss: 0.248
2020-06-14 15:18:12,442:INFO: - Eval metrics : accuracy: 0.441 ; loss: 1.553
2020-06-14 15:18:12,629:INFO: Epoch 94/100
2020-06-14 15:18:13,048:INFO: - Train metrics: accuracy: 0.938 ; loss: 0.247
2020-06-14 15:18:13,204:INFO: - Eval metrics : accuracy: 0.390 ; loss: 1.606
2020-06-14 15:18:13,480:INFO: Epoch 95/100
2020-06-14 15:18:13,894:INFO: - Train metrics: accuracy: 0.969 ; loss: 0.216
2020-06-14 15:18:14,056:INFO: - Eval metrics : accuracy: 0.423 ; loss: 1.637
2020-06-14 15:18:14,247:INFO: Epoch 96/100
2020-06-14 15:18:14,664:INFO: - Train metrics: accuracy: 1.000 ; loss: 0.241
2020-06-14 15:18:14,817:INFO: - Eval metrics : accuracy: 0.395 ; loss: 1.603
2020-06-14 15:18:15,017:INFO: Epoch 97/100
2020-06-14 15:18:15,442:INFO: - Train metrics: accuracy: 1.000 ; loss: 0.272
2020-06-14 15:18:15,597:INFO: - Eval metrics : accuracy: 0.417 ; loss: 1.565
2020-06-14 15:18:15,783:INFO: Epoch 98/100
2020-06-14 15:18:16,182:INFO: - Train metrics: accuracy: 1.000 ; loss: 0.158
2020-06-14 15:18:16,339:INFO: - Eval metrics : accuracy: 0.408 ; loss: 1.588
2020-06-14 15:18:16,531:INFO: Epoch 99/100
2020-06-14 15:18:16,945:INFO: - Train metrics: accuracy: 0.969 ; loss: 0.250
2020-06-14 15:18:17,106:INFO: - Eval metrics : accuracy: 0.470 ; loss: 1.524
2020-06-14 15:18:17,468:INFO: - Found new best accuracy
2020-06-14 15:18:17,475:INFO: Epoch 100/100
2020-06-14 15:18:17,893:INFO: - Train metrics: accuracy: 1.000 ; loss: 0.243
2020-06-14 15:18:18,045:INFO: - Eval metrics : accuracy: 0.413 ; loss: 1.617
