2020-06-17 23:49:43,518:INFO: Loading the datasets...
2020-06-17 23:49:43,590:INFO: - done.
2020-06-17 23:55:08,124:INFO: Loading the datasets...
2020-06-17 23:55:08,154:INFO: - done.
2020-06-17 23:55:16,781:INFO: Starting training for 5 epoch(s)
2020-06-17 23:55:16,782:INFO: Epoch 1/5
2020-06-17 23:57:41,667:INFO: Loading the datasets...
2020-06-17 23:57:41,699:INFO: - done.
2020-06-17 23:57:49,762:INFO: Starting training for 5 epoch(s)
2020-06-17 23:57:49,763:INFO: Epoch 1/5
2020-06-18 00:04:55,412:INFO: Loading the datasets...
2020-06-18 00:04:55,417:INFO: - done.
2020-06-18 00:04:58,009:INFO: Starting training for 5 epoch(s)
2020-06-18 00:04:58,009:INFO: Epoch 1/5
2020-06-18 00:06:41,916:INFO: Loading the datasets...
2020-06-18 00:06:41,921:INFO: - done.
2020-06-18 00:06:44,500:INFO: Starting training for 5 epoch(s)
2020-06-18 00:06:44,500:INFO: Epoch 1/5
2020-06-18 00:07:53,245:INFO: Loading the datasets...
2020-06-18 00:07:53,250:INFO: - done.
2020-06-18 00:07:55,835:INFO: Starting training for 5 epoch(s)
2020-06-18 00:07:55,835:INFO: Epoch 1/5
2020-06-18 00:09:22,776:INFO: Loading the datasets...
2020-06-18 00:09:22,781:INFO: - done.
2020-06-18 00:09:25,373:INFO: Starting training for 5 epoch(s)
2020-06-18 00:09:25,373:INFO: Epoch 1/5
2020-06-18 09:43:01,229:INFO: Loading the datasets...
2020-06-18 09:43:01,292:INFO: - done.
2020-06-18 09:43:09,314:INFO: Starting training for 5 epoch(s)
2020-06-18 09:43:09,338:INFO: Epoch 1/5
2020-06-18 09:45:37,500:INFO: Loading the datasets...
2020-06-18 09:45:37,507:INFO: - done.
2020-06-18 09:45:39,781:INFO: Starting training for 5 epoch(s)
2020-06-18 09:45:39,781:INFO: Epoch 1/5
2020-06-18 09:57:16,662:INFO: Loading the datasets...
2020-06-18 09:57:16,708:INFO: - done.
2020-06-18 09:57:16,719:INFO: Starting training for 5 epoch(s)
2020-06-18 09:57:16,719:INFO: Epoch 1/5
2020-06-18 10:00:52,572:INFO: Loading the datasets...
2020-06-18 10:00:52,582:INFO: - done.
2020-06-18 10:00:52,592:INFO: Starting training for 5 epoch(s)
2020-06-18 10:00:52,592:INFO: Epoch 1/5
2020-06-18 10:01:04,149:INFO: - Train metrics: accuracy: 0.031 ; loss: 2.699
2020-06-18 10:01:05,302:INFO: - Eval metrics : accuracy: 0.245 ; loss: 1.840
2020-06-18 10:01:05,756:INFO: - Found new best accuracy
2020-06-18 10:01:05,767:INFO: Epoch 2/5
2020-06-18 10:02:20,057:INFO: Loading the datasets...
2020-06-18 10:02:20,063:INFO: - done.
